{'width': 4, 'depth': 0, 'trial': 1, 'magnetization': -0.00146484375, 'square_magnetization': -0.002197265625, 'seconds': -0.015386375999810298}
{'width': 4, 'depth': 1, 'trial': 1, 'magnetization': -0.0166015625, 'square_magnetization': -0.01953125, 'seconds': -0.02868951999988667}
{'width': 4, 'depth': 2, 'trial': 1, 'magnetization': 0.00537109375, 'square_magnetization': -0.009521484375, 'seconds': 0.23692939899990506}
{'width': 4, 'depth': 3, 'trial': 1, 'magnetization': -0.04443359375, 'square_magnetization': 0.006103515625, 'seconds': 0.3341917999997577}
{'width': 4, 'depth': 4, 'trial': 1, 'magnetization': 0.046875, 'square_magnetization': 0.03173828125, 'seconds': 0.45200701999993953}
{'width': 4, 'depth': 5, 'trial': 1, 'magnetization': -0.02490234375, 'square_magnetization': -0.009033203125, 'seconds': 0.6932008850000102}
{'width': 4, 'depth': 6, 'trial': 1, 'magnetization': -0.01171875, 'square_magnetization': 0.013671875, 'seconds': 0.9319099459999052}
{'width': 4, 'depth': 7, 'trial': 1, 'magnetization': -0.0732421875, 'square_magnetization': -0.00390625, 'seconds': 1.0904837630000657}
{'width': 4, 'depth': 8, 'trial': 1, 'magnetization': -0.05517578125, 'square_magnetization': -0.001220703125, 'seconds': 1.16083506699988}
{'width': 4, 'depth': 9, 'trial': 1, 'magnetization': -0.0263671875, 'square_magnetization': -0.01220703125, 'seconds': 1.2339305470001705}
{'width': 4, 'depth': 10, 'trial': 1, 'magnetization': -0.01806640625, 'square_magnetization': 0.010498046875, 'seconds': 1.2242194899997685}
{'width': 4, 'depth': 11, 'trial': 1, 'magnetization': -0.04345703125, 'square_magnetization': 0.019287109375, 'seconds': 1.2262020799998368}
{'width': 4, 'depth': 12, 'trial': 1, 'magnetization': 0.0185546875, 'square_magnetization': -0.005859375, 'seconds': 1.168890382000086}
{'width': 4, 'depth': 13, 'trial': 1, 'magnetization': 0.005859375, 'square_magnetization': 0.00244140625, 'seconds': 1.106058694000012}
{'width': 4, 'depth': 14, 'trial': 1, 'magnetization': -0.0205078125, 'square_magnetization': 0.0, 'seconds': 1.0356092949998583}
{'width': 4, 'depth': 15, 'trial': 1, 'magnetization': 0.01806640625, 'square_magnetization': 0.022216796875, 'seconds': 0.9739321149997977}
{'width': 4, 'depth': 16, 'trial': 1, 'magnetization': -0.04638671875, 'square_magnetization': 0.016845703125, 'seconds': 0.8944787610000731}
{'width': 4, 'depth': 17, 'trial': 1, 'magnetization': 0.0029296875, 'square_magnetization': 0.00732421875, 'seconds': 0.8325564069997995}
{'width': 4, 'depth': 18, 'trial': 1, 'magnetization': 0.0537109375, 'square_magnetization': -0.0400390625, 'seconds': 0.7630975649997822}
{'width': 4, 'depth': 19, 'trial': 1, 'magnetization': -0.02099609375, 'square_magnetization': 0.011474609375, 'seconds': 0.6925396449998402}
{'width': 4, 'depth': 20, 'trial': 1, 'magnetization': 0.04345703125, 'square_magnetization': -0.025146484375, 'seconds': 0.6269139939999491}
{'width': 6, 'depth': 0, 'trial': 1, 'magnetization': -3.3306690738754696e-16, 'square_magnetization': 0.0008680555555550251, 'seconds': -0.30699670300145954}
{'width': 6, 'depth': 1, 'trial': 1, 'magnetization': -0.03287760416666796, 'square_magnetization': -0.03808593750000033, 'seconds': -0.7837910130007799}
{'width': 6, 'depth': 2, 'trial': 1, 'magnetization': 0.07226562500000022, 'square_magnetization': -0.0019531249999999722, 'seconds': -1.799470090002842}
{'width': 6, 'depth': 3, 'trial': 1, 'magnetization': -0.41178385416666663, 'square_magnetization': -0.12727864583333334, 'seconds': -2.6621079269999086}
{'width': 6, 'depth': 4, 'trial': 1, 'magnetization': -0.05371093749999992, 'square_magnetization': 0.012044270833333537, 'seconds': -3.359335669999723}
{'width': 6, 'depth': 5, 'trial': 1, 'magnetization': 0.07096354166666646, 'square_magnetization': 0.014756944444444642, 'seconds': -4.0293264440022085}
{'width': 6, 'depth': 6, 'trial': 1, 'magnetization': -0.09928385416666653, 'square_magnetization': 0.02441406250000036, 'seconds': -4.939122027000508}
{'width': 6, 'depth': 7, 'trial': 1, 'magnetization': 0.0029296875000000625, 'square_magnetization': -0.005967881944444586, 'seconds': -6.200048174002859}
{'width': 6, 'depth': 8, 'trial': 1, 'magnetization': 0.004557291666666775, 'square_magnetization': -0.03732638888888953, 'seconds': -7.488374390002889}
{'width': 6, 'depth': 9, 'trial': 1, 'magnetization': -0.09440104166666671, 'square_magnetization': -0.016710069444444614, 'seconds': -8.55149343700026}
{'width': 6, 'depth': 10, 'trial': 1, 'magnetization': 0.016276041666666623, 'square_magnetization': -0.042317708333333814, 'seconds': -9.599087212000711}
{'width': 6, 'depth': 11, 'trial': 1, 'magnetization': 0.06249999999999999, 'square_magnetization': 0.005208333333333537, 'seconds': -10.652658885001529}
{'width': 6, 'depth': 12, 'trial': 1, 'magnetization': 0.043945312500000014, 'square_magnetization': -0.005316840277777651, 'seconds': -11.997775424999816}
{'width': 6, 'depth': 13, 'trial': 1, 'magnetization': -0.10091145833333329, 'square_magnetization': 0.006944444444444392, 'seconds': -14.536562970000148}
{'width': 6, 'depth': 14, 'trial': 1, 'magnetization': -0.16927083333333343, 'square_magnetization': -0.03537326388888945, 'seconds': -17.534986105002815}
{'width': 6, 'depth': 15, 'trial': 1, 'magnetization': 0.023111979166666616, 'square_magnetization': 0.01464843750000025, 'seconds': -19.2012712130022}
{'width': 6, 'depth': 16, 'trial': 1, 'magnetization': -0.01953124999999995, 'square_magnetization': 0.0030381944444444475, 'seconds': -20.90257436300334}
{'width': 6, 'depth': 17, 'trial': 1, 'magnetization': -0.02246093749999999, 'square_magnetization': -0.044379340277778484, 'seconds': -22.585303289000535}
{'width': 6, 'depth': 18, 'trial': 1, 'magnetization': 0.1259765625000001, 'square_magnetization': -0.021375868055555802, 'seconds': -27.570912670000837}
{'width': 6, 'depth': 19, 'trial': 1, 'magnetization': -0.013346354166666664, 'square_magnetization': 0.009223090277777957, 'seconds': -30.010726833001172}
{'width': 6, 'depth': 20, 'trial': 1, 'magnetization': -0.09342447916666663, 'square_magnetization': -0.02159288194444467, 'seconds': -32.19372878600035}
{'width': 8, 'depth': 0, 'trial': 1, 'magnetization': 0.00244140625, 'square_magnetization': 0.00439453125, 'seconds': -0.34427242599980445}
{'width': 8, 'depth': 1, 'trial': 1, 'magnetization': -0.048828125, 'square_magnetization': -0.05859375, 'seconds': -0.4692256949998068}
{'width': 8, 'depth': 2, 'trial': 1, 'magnetization': 0.187255859375, 'square_magnetization': 0.06842041015625, 'seconds': -0.7814671499999122}
{'width': 8, 'depth': 3, 'trial': 1, 'magnetization': -0.035888671875, 'square_magnetization': -0.04217529296875, 'seconds': -1.3316517169997724}
{'width': 8, 'depth': 4, 'trial': 1, 'magnetization': 0.048583984375, 'square_magnetization': -0.00384521484375, 'seconds': -2.0726938189999373}
{'width': 8, 'depth': 5, 'trial': 1, 'magnetization': 0.03076171875, 'square_magnetization': -0.0455322265625, 'seconds': -3.1522674109999684}
{'width': 8, 'depth': 6, 'trial': 1, 'magnetization': 0.060791015625, 'square_magnetization': -0.02642822265625, 'seconds': -4.246002455999815}
{'width': 8, 'depth': 7, 'trial': 1, 'magnetization': 0.054931640625, 'square_magnetization': -0.02581787109375, 'seconds': -5.0045321220000005}
{'width': 8, 'depth': 8, 'trial': 1, 'magnetization': 0.06640625, 'square_magnetization': -0.0068359375, 'seconds': -5.055768249999744}
{'width': 8, 'depth': 9, 'trial': 1, 'magnetization': 0.010498046875, 'square_magnetization': -0.00030517578125, 'seconds': -4.978959175000114}
{'width': 8, 'depth': 10, 'trial': 1, 'magnetization': -0.066162109375, 'square_magnetization': 0.00531005859375, 'seconds': -5.593547044999809}
{'width': 8, 'depth': 11, 'trial': 1, 'magnetization': -0.035888671875, 'square_magnetization': -0.00286865234375, 'seconds': -8.644263425999839}
{'width': 8, 'depth': 12, 'trial': 1, 'magnetization': 0.033203125, 'square_magnetization': 0.0015869140625, 'seconds': -9.833176556999945}
{'width': 8, 'depth': 13, 'trial': 1, 'magnetization': -0.03515625, 'square_magnetization': -0.0177001953125, 'seconds': -10.92943069599977}
{'width': 8, 'depth': 14, 'trial': 1, 'magnetization': 0.08154296875, 'square_magnetization': 0.009521484375, 'seconds': -11.966232844999865}
{'width': 8, 'depth': 15, 'trial': 1, 'magnetization': 0.052490234375, 'square_magnetization': 0.00347900390625, 'seconds': -16.221046210999873}
{'width': 8, 'depth': 16, 'trial': 1, 'magnetization': 0.02685546875, 'square_magnetization': 0.0263671875, 'seconds': -17.995693160999963}
{'width': 8, 'depth': 17, 'trial': 1, 'magnetization': -0.0458984375, 'square_magnetization': 0.0240478515625, 'seconds': -19.21714000699984}
{'width': 8, 'depth': 18, 'trial': 1, 'magnetization': 0.00537109375, 'square_magnetization': -0.007568359375, 'seconds': -21.69185558900017}
{'width': 8, 'depth': 19, 'trial': 1, 'magnetization': 0.02392578125, 'square_magnetization': 0.0093994140625, 'seconds': -22.813556437999807}
{'width': 8, 'depth': 20, 'trial': 1, 'magnetization': 0.02099609375, 'square_magnetization': 0.031005859375, 'seconds': -24.597446612000056}
{'width': 9, 'depth': 0, 'trial': 1, 'magnetization': 0.0013020833333339255, 'square_magnetization': 0.0006751543209880806, 'seconds': -0.35318300599971053}
{'width': 9, 'depth': 1, 'trial': 1, 'magnetization': 0.07356770833333537, 'square_magnetization': 0.09153163580246981, 'seconds': -0.8553263050000055}
{'width': 9, 'depth': 2, 'trial': 1, 'magnetization': 0.12847222222221977, 'square_magnetization': 0.06375385802469172, 'seconds': -1.2514165369999546}
{'width': 9, 'depth': 3, 'trial': 1, 'magnetization': 0.2161458333333332, 'square_magnetization': 0.006462191358024935, 'seconds': -4.587745454000014}
{'width': 9, 'depth': 4, 'trial': 1, 'magnetization': 0.04861111111111129, 'square_magnetization': 0.0063657407407408245, 'seconds': -6.199872155999799}
{'width': 9, 'depth': 5, 'trial': 1, 'magnetization': -0.0065104166666666505, 'square_magnetization': 0.0003858024691358458, 'seconds': -7.638871077000033}
{'width': 9, 'depth': 6, 'trial': 1, 'magnetization': -0.1223958333333332, 'square_magnetization': 0.011381172839506098, 'seconds': -12.451387716999761}
{'width': 9, 'depth': 7, 'trial': 1, 'magnetization': 0.06901041666666677, 'square_magnetization': 0.0038580246913578475, 'seconds': -14.774888578999935}
{'width': 9, 'depth': 8, 'trial': 1, 'magnetization': 0.08637152777777779, 'square_magnetization': 0.021894290123456894, 'seconds': -17.711220706999597}
{'width': 9, 'depth': 9, 'trial': 1, 'magnetization': 0.049913194444444406, 'square_magnetization': 0.007040895061728433, 'seconds': -19.726612296999747}
{'width': 9, 'depth': 10, 'trial': 1, 'magnetization': 0.10394965277777785, 'square_magnetization': 0.0009645061728392468, 'seconds': -21.477980415999866}
{'width': 9, 'depth': 11, 'trial': 1, 'magnetization': 0.057074652777777866, 'square_magnetization': -0.005497685185185314, 'seconds': -23.14500867699968}
{'width': 9, 'depth': 12, 'trial': 1, 'magnetization': 0.020833333333333367, 'square_magnetization': 0.002411265432098561, 'seconds': -24.282690789999776}
{'width': 9, 'depth': 13, 'trial': 1, 'magnetization': 0.011284722222222245, 'square_magnetization': 0.020351080246913733, 'seconds': -25.90989069999989}
{'width': 9, 'depth': 14, 'trial': 1, 'magnetization': 0.0703125000000001, 'square_magnetization': 0.008873456790123649, 'seconds': -28.91738744799966}
{'width': 9, 'depth': 15, 'trial': 1, 'magnetization': 0.02864583333333348, 'square_magnetization': -0.0001929012345677772, 'seconds': -31.43005695099987}
{'width': 9, 'depth': 16, 'trial': 1, 'magnetization': 0.05881076388888904, 'square_magnetization': 0.0026041666666666713, 'seconds': -33.885219641999925}
{'width': 9, 'depth': 17, 'trial': 1, 'magnetization': 0.05034722222222221, 'square_magnetization': -0.003665123456790223, 'seconds': -36.33440391399995}
{'width': 9, 'depth': 18, 'trial': 1, 'magnetization': -0.036675347222222335, 'square_magnetization': -0.0010609567901234407, 'seconds': -38.967452460999766}
{'width': 9, 'depth': 19, 'trial': 1, 'magnetization': -0.010633680555555552, 'square_magnetization': -0.023533950617284097, 'seconds': -41.12560641099992}
{'width': 9, 'depth': 20, 'trial': 1, 'magnetization': -0.023003472222222265, 'square_magnetization': 0.007523148148148473, 'seconds': -43.48359406399982}
{'width': 12, 'depth': 0, 'trial': 1, 'magnetization': 0.003417968750000111, 'square_magnetization': 0.005018446180555469, 'seconds': -0.15762199699980783}
{'width': 12, 'depth': 1, 'trial': 1, 'magnetization': -0.13720703125000222, 'square_magnetization': -0.15671115451389145, 'seconds': -0.18780453399983799}
{'width': 12, 'depth': 2, 'trial': 1, 'magnetization': 0.07763671874999986, 'square_magnetization': 0.06556532118055612, 'seconds': -3.897644412999796}
{'width': 12, 'depth': 3, 'trial': 1, 'magnetization': -0.056315104166666755, 'square_magnetization': 0.03076171875, 'seconds': -8.18121780299981}
{'width': 12, 'depth': 4, 'trial': 1, 'magnetization': 0.08577473958333331, 'square_magnetization': 0.025309244791666324, 'seconds': -14.99887919799994}
{'width': 12, 'depth': 5, 'trial': 1, 'magnetization': 0.04052734375000001, 'square_magnetization': 0.00887044270833319, 'seconds': -18.654894932999753}
{'width': 12, 'depth': 6, 'trial': 1, 'magnetization': 0.02506510416666674, 'square_magnetization': 0.017523871527777637, 'seconds': -21.433552467999675}
{'width': 12, 'depth': 7, 'trial': 1, 'magnetization': 0.02945963541666663, 'square_magnetization': -0.006374782986110994, 'seconds': -22.78816270699963}
{'width': 12, 'depth': 8, 'trial': 1, 'magnetization': 0.042317708333333315, 'square_magnetization': -0.0010850694444443504, 'seconds': -25.420293004999735}
{'width': 12, 'depth': 9, 'trial': 1, 'magnetization': -0.03873697916666667, 'square_magnetization': -0.010687934027777554, 'seconds': -33.10119467899972}
{'width': 12, 'depth': 10, 'trial': 1, 'magnetization': -0.062174479166666734, 'square_magnetization': 0.01117621527777772, 'seconds': -41.80739203799965}
{'width': 12, 'depth': 11, 'trial': 1, 'magnetization': -0.014648437500000062, 'square_magnetization': 0.004177517361111008, 'seconds': -49.278466458999674}
{'width': 12, 'depth': 12, 'trial': 1, 'magnetization': -0.020345052083333346, 'square_magnetization': -0.002360026041666699, 'seconds': -59.119521462999614}
{'width': 12, 'depth': 13, 'trial': 1, 'magnetization': 0.04410807291666664, 'square_magnetization': 0.0020345052083332454, 'seconds': -64.89732968599992}
{'width': 12, 'depth': 14, 'trial': 1, 'magnetization': 0.026529947916666657, 'square_magnetization': -0.0021430121527777207, 'seconds': -72.87965500699988}
{'width': 12, 'depth': 15, 'trial': 1, 'magnetization': -0.008951822916666675, 'square_magnetization': -0.0007324218750000278, 'seconds': -82.20256920999998}
{'width': 12, 'depth': 16, 'trial': 1, 'magnetization': -0.056477864583333356, 'square_magnetization': -0.0001898871527776652, 'seconds': -91.23243393499968}
{'width': 12, 'depth': 17, 'trial': 1, 'magnetization': -0.02343749999999999, 'square_magnetization': 0.004665798611110994, 'seconds': -100.70728295399977}
{'width': 12, 'depth': 18, 'trial': 1, 'magnetization': 0.01757812500000002, 'square_magnetization': -0.0010308159722222515, 'seconds': -108.63710376399979}
{'width': 12, 'depth': 19, 'trial': 1, 'magnetization': 0.010091145833333343, 'square_magnetization': -0.005154079861110883, 'seconds': -118.51385101699998}
{'width': 12, 'depth': 20, 'trial': 1, 'magnetization': 0.028808593749999993, 'square_magnetization': -0.006212022569444198, 'seconds': -127.35277151099967}
{'width': 16, 'depth': 0, 'trial': 1, 'magnetization': -0.000244140625, 'square_magnetization': -0.0015869140625, 'seconds': -0.5153728360001537}
{'width': 16, 'depth': 1, 'trial': 1, 'magnetization': 0.0001220703125, 'square_magnetization': -0.0010223388671875, 'seconds': -1.3566204429998834}
{'width': 16, 'depth': 2, 'trial': 1, 'magnetization': 0.0526123046875, 'square_magnetization': 0.0303497314453125, 'seconds': -13.719955141000298}
{'width': 16, 'depth': 3, 'trial': 1, 'magnetization': -0.12451171875, 'square_magnetization': -0.0296630859375, 'seconds': -78.04745968600008}
{'width': 16, 'depth': 4, 'trial': 1, 'magnetization': -0.11083984375, 'square_magnetization': -0.011138916015625, 'seconds': -97.51049572200014}
{'width': 16, 'depth': 5, 'trial': 1, 'magnetization': 0.047607421875, 'square_magnetization': 0.02374267578125, 'seconds': -116.05151519600025}
{'width': 16, 'depth': 6, 'trial': 1, 'magnetization': 0.0439453125, 'square_magnetization': 0.001068115234375, 'seconds': -134.67516762500003}
{'width': 16, 'depth': 7, 'trial': 1, 'magnetization': 0.015869140625, 'square_magnetization': 0.004241943359375, 'seconds': -150.79325656099996}
{'width': 16, 'depth': 8, 'trial': 1, 'magnetization': 0.0172119140625, 'square_magnetization': 0.0026092529296875, 'seconds': -149.55485337599993}
{'width': 16, 'depth': 9, 'trial': 1, 'magnetization': 0.053466796875, 'square_magnetization': 0.0018310546875, 'seconds': -94.23772847700008}
{'width': 16, 'depth': 10, 'trial': 1, 'magnetization': -0.0087890625, 'square_magnetization': 0.00665283203125, 'seconds': -17.572629097000174}
{'width': 16, 'depth': 11, 'trial': 1, 'magnetization': 0.0164794921875, 'square_magnetization': 0.0017852783203125, 'seconds': 138.68403502799964}
{'width': 16, 'depth': 12, 'trial': 1, 'magnetization': -0.0255126953125, 'square_magnetization': -0.0081329345703125, 'seconds': 487.0463252400002}
{'width': 16, 'depth': 13, 'trial': 1, 'magnetization': -0.0272216796875, 'square_magnetization': -0.0002899169921875, 'seconds': 849.4359839819999}
{'width': 16, 'depth': 14, 'trial': 1, 'magnetization': -0.0281982421875, 'square_magnetization': 0.0009613037109375, 'seconds': 1217.4571095319995}
{'width': 16, 'depth': 15, 'trial': 1, 'magnetization': -0.0118408203125, 'square_magnetization': -1.52587890625e-05, 'seconds': 1581.2915870069999}
{'width': 16, 'depth': 16, 'trial': 1, 'magnetization': -0.029052734375, 'square_magnetization': -0.0008544921875, 'seconds': 1965.049993663}
{'width': 16, 'depth': 17, 'trial': 1, 'magnetization': -0.005126953125, 'square_magnetization': -0.00494384765625, 'seconds': 2341.4218240479995}
{'width': 16, 'depth': 18, 'trial': 1, 'magnetization': -0.0076904296875, 'square_magnetization': 0.0006866455078125, 'seconds': 2722.184247662}
{'width': 16, 'depth': 19, 'trial': 1, 'magnetization': 0.0255126953125, 'square_magnetization': -7.62939453125e-05, 'seconds': 3087.7572292600007}
{'width': 16, 'depth': 20, 'trial': 1, 'magnetization': 0.009033203125, 'square_magnetization': -0.00592041015625, 'seconds': 3451.979684768}
{'width': 25, 'depth': 0, 'trial': 1, 'magnetization': 0.005624999999999436, 'square_magnetization': 0.008787500000000392, 'seconds': -1.8728715049996936}
{'width': 25, 'depth': 1, 'trial': 1, 'magnetization': -0.1507812499999993, 'square_magnetization': -0.17601250000000196, 'seconds': -5.794726671999683}
{'width': 25, 'depth': 2, 'trial': 1, 'magnetization': -0.03640624999999989, 'square_magnetization': -0.01727499999999975, 'seconds': 11.715423169000246}
{'width': 25, 'depth': 3, 'trial': 1, 'magnetization': -0.037812500000000034, 'square_magnetization': 0.0025375000000001577, 'seconds': 45.62561843300034}
{'width': 25, 'depth': 4, 'trial': 1, 'magnetization': -0.03023437499999994, 'square_magnetization': -0.004225000000000194, 'seconds': 245.41156507699998}
{'width': 25, 'depth': 5, 'trial': 1, 'magnetization': 0.006015625000000004, 'square_magnetization': 0.0015500000000001138, 'seconds': 758.6085389190005}
{'width': 25, 'depth': 6, 'trial': 1, 'magnetization': -0.02031249999999998, 'square_magnetization': -0.0028250000000001677, 'seconds': 1264.795238584}
{'width': 25, 'depth': 7, 'trial': 1, 'magnetization': -0.025937500000000013, 'square_magnetization': 0.0010499999999999676, 'seconds': 1792.293544256}
{'width': 25, 'depth': 8, 'trial': 1, 'magnetization': -0.03992187499999992, 'square_magnetization': -0.0024250000000002048, 'seconds': 2328.79074352}
{'width': 25, 'depth': 9, 'trial': 1, 'magnetization': -0.0046875, 'square_magnetization': 0.004575000000000093, 'seconds': 2825.2867195730005}
{'width': 25, 'depth': 10, 'trial': 1, 'magnetization': -0.009375, 'square_magnetization': -0.000937500000000098, 'seconds': 3242.3311526859998}
{'width': 25, 'depth': 11, 'trial': 1, 'magnetization': 0.007265625000000002, 'square_magnetization': -0.000587499999999963, 'seconds': 3647.6015065850006}
{'width': 25, 'depth': 12, 'trial': 1, 'magnetization': -0.028749999999999977, 'square_magnetization': 0.0022499999999999742, 'seconds': 4118.265848516001}
{'width': 25, 'depth': 13, 'trial': 1, 'magnetization': 0.00609375, 'square_magnetization': 2.4999999999927858e-05, 'seconds': 4735.4938850730005}
{'width': 25, 'depth': 14, 'trial': 1, 'magnetization': -0.008515625000000006, 'square_magnetization': 0.0024000000000000063, 'seconds': 5337.994083065}
{'width': 25, 'depth': 15, 'trial': 1, 'magnetization': -0.0008593750000000007, 'square_magnetization': 0.0027875000000002967, 'seconds': 5772.1112926529995}
{'width': 25, 'depth': 16, 'trial': 1, 'magnetization': -0.008984375000000013, 'square_magnetization': -0.00032500000000000584, 'seconds': 6203.085133002}
{'width': 25, 'depth': 17, 'trial': 1, 'magnetization': -0.005312500000000023, 'square_magnetization': -0.0003625000000000017, 'seconds': 6406.043186476}
{'width': 25, 'depth': 18, 'trial': 1, 'magnetization': 0.009453125000000001, 'square_magnetization': -0.004112500000000262, 'seconds': 6612.390040390001}
{'width': 25, 'depth': 19, 'trial': 1, 'magnetization': 0.008671874999999994, 'square_magnetization': 0.002150000000000034, 'seconds': 6838.991854129001}
{'width': 25, 'depth': 20, 'trial': 1, 'magnetization': 0.017968749999999985, 'square_magnetization': 0.003962500000000153, 'seconds': 7069.060351561}
{'width': 35, 'depth': 0, 'trial': 1, 'magnetization': -0.0061941964285727735, 'square_magnetization': -0.008985969387754977, 'seconds': -1.8829758470001252}
{'width': 35, 'depth': 1, 'trial': 1, 'magnetization': -0.06969866071428432, 'square_magnetization': -0.08094387755102062, 'seconds': -4.9829853009998715}
{'width': 35, 'depth': 2, 'trial': 1, 'magnetization': -0.11830357142857081, 'square_magnetization': -0.0529910714285723, 'seconds': -11.34268792600028}
{'width': 35, 'depth': 3, 'trial': 1, 'magnetization': -0.07606026785714314, 'square_magnetization': -0.004897959183673372, 'seconds': 3.2290727960000822}
{'width': 35, 'depth': 4, 'trial': 1, 'magnetization': 0.09899553571428599, 'square_magnetization': 0.006741071428571336, 'seconds': 11.782992683999964}
{'width': 35, 'depth': 5, 'trial': 1, 'magnetization': 0.02712053571428596, 'square_magnetization': -0.004655612244897835, 'seconds': 13.63883374299985}
{'width': 35, 'depth': 6, 'trial': 1, 'magnetization': -0.026339285714285725, 'square_magnetization': 0.0026658163265305436, 'seconds': 32.14922180899998}
{'width': 35, 'depth': 7, 'trial': 1, 'magnetization': 0.03253348214285712, 'square_magnetization': 0.0010076530612245262, 'seconds': 53.463468707000175}
{'width': 35, 'depth': 8, 'trial': 1, 'magnetization': -0.01696428571428571, 'square_magnetization': 0.0026594387755101874, 'seconds': 70.34477463200017}
{'width': 35, 'depth': 9, 'trial': 1, 'magnetization': -0.002008928571428545, 'square_magnetization': 0.0024234693877550582, 'seconds': 88.08602691400017}
{'width': 35, 'depth': 10, 'trial': 1, 'magnetization': -0.07059151785714307, 'square_magnetization': -0.008724489795918462, 'seconds': 106.56347287999984}
{'width': 35, 'depth': 11, 'trial': 1, 'magnetization': -0.037946428571428534, 'square_magnetization': 0.0004910714285714449, 'seconds': 52.24235120999981}
{'width': 35, 'depth': 12, 'trial': 1, 'magnetization': -0.05736607142857176, 'square_magnetization': 0.005522959183673317, 'seconds': 23.346062103000122}
{'width': 35, 'depth': 13, 'trial': 1, 'magnetization': -0.06428571428571431, 'square_magnetization': 0.003724489795918315, 'seconds': 0.6681486190000214}
{'width': 35, 'depth': 14, 'trial': 1, 'magnetization': 0.028459821428571383, 'square_magnetization': -0.00038903061224487834, 'seconds': -36.84955716600007}
{'width': 35, 'depth': 15, 'trial': 1, 'magnetization': 0.06579241071428596, 'square_magnetization': -0.002219387755102036, 'seconds': -45.21282399399979}
{'width': 35, 'depth': 16, 'trial': 1, 'magnetization': -0.010714285714285721, 'square_magnetization': 0.0009821428571428759, 'seconds': -53.638683024999864}
{'width': 35, 'depth': 17, 'trial': 1, 'magnetization': -0.10485491071428588, 'square_magnetization': -0.005695153061224607, 'seconds': -66.20679745700022}
{'width': 35, 'depth': 18, 'trial': 1, 'magnetization': -0.07483258928571458, 'square_magnetization': -0.00727040816326531, 'seconds': -179.82671577099995}
{'width': 35, 'depth': 19, 'trial': 1, 'magnetization': -0.048493303571428906, 'square_magnetization': -0.0010586734693877262, 'seconds': -349.857632254}
{'width': 35, 'depth': 20, 'trial': 1, 'magnetization': 0.001785714285714276, 'square_magnetization': -0.001760204081632695, 'seconds': -564.810728019}
{'width': 45, 'depth': 0, 'trial': 1, 'magnetization': -0.002387152777777457, 'square_magnetization': -0.003815586419753214, 'seconds': -1.8467638490001264}
{'width': 45, 'depth': 1, 'trial': 1, 'magnetization': 0.0853298611111104, 'square_magnetization': 0.101219135802471, 'seconds': -5.685549779000212}
{'width': 45, 'depth': 2, 'trial': 1, 'magnetization': 0.14908854166666632, 'square_magnetization': 0.06527777777777831, 'seconds': 31.45469951200016}
{'width': 45, 'depth': 3, 'trial': 1, 'magnetization': 0.1002604166666664, 'square_magnetization': 0.025250771604938767, 'seconds': 49.94484960299985}
{'width': 45, 'depth': 4, 'trial': 1, 'magnetization': 0.01349826388888889, 'square_magnetization': 0.0005246913580247772, 'seconds': 119.2473389050001}
{'width': 45, 'depth': 5, 'trial': 1, 'magnetization': -0.04787326388888856, 'square_magnetization': -0.014768518518518882, 'seconds': 393.944104603}
{'width': 45, 'depth': 6, 'trial': 1, 'magnetization': -0.06901041666666688, 'square_magnetization': -0.012291666666666617, 'seconds': 670.512294233}
{'width': 45, 'depth': 7, 'trial': 1, 'magnetization': -0.002300347222222221, 'square_magnetization': -0.0012152777777777492, 'seconds': 1061.0396171389998}
{'width': 45, 'depth': 8, 'trial': 1, 'magnetization': -0.008984375000000197, 'square_magnetization': 0.0026736111111110746, 'seconds': 1458.358915272}
{'width': 45, 'depth': 9, 'trial': 1, 'magnetization': -0.013541666666666882, 'square_magnetization': 0.005235339506172842, 'seconds': 1856.9007684849998}
{'width': 45, 'depth': 10, 'trial': 1, 'magnetization': -0.02560763888888931, 'square_magnetization': -0.0029552469135801993, 'seconds': 2266.6753768480003}
{'width': 45, 'depth': 11, 'trial': 1, 'magnetization': -0.034201388888889135, 'square_magnetization': -0.0008796296296296434, 'seconds': 2731.041051062}
{'width': 45, 'depth': 12, 'trial': 1, 'magnetization': -0.018055555555555616, 'square_magnetization': 0.0031558641975308124, 'seconds': 3165.43201698}
{'width': 45, 'depth': 13, 'trial': 1, 'magnetization': -0.0722656250000004, 'square_magnetization': 0.0037885802469135206, 'seconds': 3593.784174157001}
{'width': 45, 'depth': 14, 'trial': 1, 'magnetization': -0.0831597222222224, 'square_magnetization': -0.0009490740740741646, 'seconds': 3977.725017702001}
{'width': 45, 'depth': 15, 'trial': 1, 'magnetization': -0.06458333333333338, 'square_magnetization': -0.0009143518518518363, 'seconds': 4355.703122896}
{'width': 45, 'depth': 16, 'trial': 1, 'magnetization': 0.0003038194444444399, 'square_magnetization': 0.0015547839506172521, 'seconds': 4745.689093362}
{'width': 45, 'depth': 17, 'trial': 1, 'magnetization': -0.034244791666666635, 'square_magnetization': 0.00011959876543208778, 'seconds': 5178.018543733001}
{'width': 45, 'depth': 18, 'trial': 1, 'magnetization': -0.07873263888888934, 'square_magnetization': -0.007789351851851773, 'seconds': 4923.620193908002}
{'width': 45, 'depth': 19, 'trial': 1, 'magnetization': 0.010026041666666633, 'square_magnetization': 0.0012384259259259067, 'seconds': 4921.650659451}
{'width': 45, 'depth': 20, 'trial': 1, 'magnetization': 0.039756944444444386, 'square_magnetization': 0.0008024691358024562, 'seconds': 4925.07712463}
{'width': 60, 'depth': 0, 'trial': 1, 'magnetization': -0.05013020833333581, 'square_magnetization': -0.08949435763889269, 'seconds': -0.015769365000096514}
{'width': 60, 'depth': 1, 'trial': 1, 'magnetization': -0.017675781249999467, 'square_magnetization': -0.021203342013888682, 'seconds': -4.843253349999941}
{'width': 60, 'depth': 2, 'trial': 1, 'magnetization': 0.05371093750000078, 'square_magnetization': 0.02539279513888902, 'seconds': -285.8988281730001}
{'width': 60, 'depth': 3, 'trial': 1, 'magnetization': 0.07210286458333365, 'square_magnetization': 0.009135199652777804, 'seconds': -2459.767411431}
{'width': 60, 'depth': 4, 'trial': 1, 'magnetization': 0.019433593750000023, 'square_magnetization': -0.0022384982638888884, 'seconds': -3915.787015839}
{'width': 60, 'depth': 5, 'trial': 1, 'magnetization': 0.009374999999999996, 'square_magnetization': -0.0008832465277777979, 'seconds': -5928.10148796}
{'width': 60, 'depth': 6, 'trial': 1, 'magnetization': -0.053548177083333585, 'square_magnetization': 0.009434678819444547, 'seconds': -7650.770017964}
{'width': 60, 'depth': 7, 'trial': 1, 'magnetization': -0.024316406250000026, 'square_magnetization': 0.002325303819444449, 'seconds': -9574.387243575002}
{'width': 60, 'depth': 8, 'trial': 1, 'magnetization': -0.01897786458333332, 'square_magnetization': -0.0029242621527778394, 'seconds': -11699.848104803}
{'width': 60, 'depth': 9, 'trial': 1, 'magnetization': 0.0029622395833333397, 'square_magnetization': -0.0018261718750000148, 'seconds': -13421.651738960001}
{'width': 60, 'depth': 10, 'trial': 1, 'magnetization': 0.018294270833333317, 'square_magnetization': -0.0008875868055555677, 'seconds': -15128.122238261001}
{'width': 60, 'depth': 11, 'trial': 1, 'magnetization': 0.0013346354166666533, 'square_magnetization': -0.0025206163194445054, 'seconds': -16855.385622331003}
{'width': 60, 'depth': 12, 'trial': 1, 'magnetization': 0.0887044270833334, 'square_magnetization': -0.0011490885416666902, 'seconds': -18625.542405344}
{'width': 60, 'depth': 13, 'trial': 1, 'magnetization': 0.06588541666666693, 'square_magnetization': 0.005108506944444514, 'seconds': -20502.321054770004}
{'width': 60, 'depth': 14, 'trial': 1, 'magnetization': 0.04371744791666672, 'square_magnetization': 0.0008908420138889102, 'seconds': -22560.707034488}
{'width': 60, 'depth': 15, 'trial': 1, 'magnetization': 0.031087239583333363, 'square_magnetization': 0.00022243923611114935, 'seconds': -24735.834248256}
{'width': 60, 'depth': 16, 'trial': 1, 'magnetization': 0.022167968750000062, 'square_magnetization': 0.0002701822916666777, 'seconds': -26837.844796272}
{'width': 60, 'depth': 17, 'trial': 1, 'magnetization': 0.029687499999999967, 'square_magnetization': 0.0020659722222222884, 'seconds': -28937.030797043}
{'width': 60, 'depth': 18, 'trial': 1, 'magnetization': 0.0804687500000001, 'square_magnetization': 0.0012478298611111223, 'seconds': -31085.601399636}
{'width': 60, 'depth': 19, 'trial': 1, 'magnetization': 0.05397135416666668, 'square_magnetization': -0.001918402777777821, 'seconds': -33217.833404575}
{'width': 60, 'depth': 20, 'trial': 1, 'magnetization': 0.0413736979166667, 'square_magnetization': 0.0016243489583333444, 'seconds': -35289.048079484}
{'width': 75, 'depth': 0, 'trial': 1, 'magnetization': -0.009088541666668282, 'square_magnetization': -0.017162499999999414, 'seconds': -2.113772164999773}
{'width': 75, 'depth': 1, 'trial': 1, 'magnetization': -0.010703125000001035, 'square_magnetization': -0.013401388888888977, 'seconds': -8.545077197999944}
{'width': 75, 'depth': 2, 'trial': 1, 'magnetization': -5.2083333333785564e-05, 'square_magnetization': -0.004169444444444115, 'seconds': -15.233135881999942}
{'width': 75, 'depth': 3, 'trial': 1, 'magnetization': -0.026562499999999906, 'square_magnetization': -0.008833333333333287, 'seconds': -19.03296677000003}
{'width': 75, 'depth': 4, 'trial': 1, 'magnetization': 0.02731770833333342, 'square_magnetization': 0.0009041666666666451, 'seconds': -25.935209730999986}
{'width': 75, 'depth': 5, 'trial': 1, 'magnetization': 0.048802083333333315, 'square_magnetization': 0.002290277777777792, 'seconds': -35.626427753000144}
{'width': 75, 'depth': 6, 'trial': 1, 'magnetization': 0.000651041666666673, 'square_magnetization': -0.002583333333333368, 'seconds': -47.42689936800002}
{'width': 75, 'depth': 7, 'trial': 1, 'magnetization': -0.04372395833333329, 'square_magnetization': 0.001718055555555556, 'seconds': -55.15113076199964}
{'width': 75, 'depth': 8, 'trial': 1, 'magnetization': -0.04299479166666663, 'square_magnetization': -4.3055555555560066e-05, 'seconds': -62.16723199199964}
{'width': 75, 'depth': 9, 'trial': 1, 'magnetization': -0.05606770833333331, 'square_magnetization': -0.00218749999999999, 'seconds': -68.39120886400019}
{'width': 75, 'depth': 10, 'trial': 1, 'magnetization': -0.049505208333333287, 'square_magnetization': -0.002688888888888916, 'seconds': -76.48122308300003}
{'width': 75, 'depth': 11, 'trial': 1, 'magnetization': -0.054348958333333336, 'square_magnetization': -0.002424999999999976, 'seconds': -82.8992236380002}
{'width': 75, 'depth': 12, 'trial': 1, 'magnetization': -0.012812499999999994, 'square_magnetization': -0.001122222222222231, 'seconds': -91.20628226299982}
{'width': 75, 'depth': 13, 'trial': 1, 'magnetization': -0.030208333333333302, 'square_magnetization': -0.0028347222222222437, 'seconds': -98.86400030300024}
{'width': 75, 'depth': 14, 'trial': 1, 'magnetization': 0.04049479166666677, 'square_magnetization': 0.0005847222222222156, 'seconds': -104.95835667100005}
{'width': 75, 'depth': 15, 'trial': 1, 'magnetization': -0.01684895833333334, 'square_magnetization': -0.0038416666666666634, 'seconds': -111.1936543029999}
{'width': 75, 'depth': 16, 'trial': 1, 'magnetization': -0.05007812500000008, 'square_magnetization': 0.00040277777777779356, 'seconds': -119.53181348200019}
{'width': 75, 'depth': 17, 'trial': 1, 'magnetization': -0.047083333333333324, 'square_magnetization': 0.0016500000000000004, 'seconds': -127.76934895399995}
{'width': 75, 'depth': 18, 'trial': 1, 'magnetization': -0.011536458333333329, 'square_magnetization': -0.003477777777777795, 'seconds': -134.6960811749998}
{'width': 75, 'depth': 19, 'trial': 1, 'magnetization': 0.05500000000000008, 'square_magnetization': 0.0014111111111111269, 'seconds': -141.92755717499972}
{'width': 75, 'depth': 20, 'trial': 1, 'magnetization': 0.04541666666666663, 'square_magnetization': 0.0004583333333333193, 'seconds': -150.5260662430003}
{'width': 125, 'depth': 0, 'trial': 1, 'magnetization': 0.0014999999999991687, 'square_magnetization': 0.002705999999999653, 'seconds': -0.8778400499995769}
{'width': 125, 'depth': 1, 'trial': 1, 'magnetization': 0.029249999999999998, 'square_magnetization': 0.038779999999999426, 'seconds': -9.961236462000215}
{'width': 125, 'depth': 2, 'trial': 1, 'magnetization': 0.04878125000000036, 'square_magnetization': 0.02385200000000015, 'seconds': -23.84214471999985}
{'width': 125, 'depth': 3, 'trial': 1, 'magnetization': 0.07299999999999994, 'square_magnetization': 0.014173999999999787, 'seconds': -34.29234028699966}
{'width': 125, 'depth': 4, 'trial': 1, 'magnetization': 0.0913125000000001, 'square_magnetization': 0.024409499999999782, 'seconds': -45.120368456999586}
{'width': 125, 'depth': 5, 'trial': 1, 'magnetization': 0.08443750000000014, 'square_magnetization': 0.031005499999999905, 'seconds': -56.226195848999396}
{'width': 125, 'depth': 6, 'trial': 1, 'magnetization': 0.0060312499999999325, 'square_magnetization': 0.0015434999999999685, 'seconds': -66.1773437819993}
{'width': 125, 'depth': 7, 'trial': 1, 'magnetization': -0.04684375000000013, 'square_magnetization': -0.005341500000000081, 'seconds': -73.89602639699979}
{'width': 125, 'depth': 8, 'trial': 1, 'magnetization': 0.004796875000000034, 'square_magnetization': -0.0002735000000000029, 'seconds': -86.59334421699987}
{'width': 125, 'depth': 9, 'trial': 1, 'magnetization': 0.01473437499999993, 'square_magnetization': -0.00021350000000000535, 'seconds': -99.63408798599949}
{'width': 125, 'depth': 10, 'trial': 1, 'magnetization': 0.01973437500000001, 'square_magnetization': 0.0005704999999999938, 'seconds': -112.92235343499988}
{'width': 125, 'depth': 11, 'trial': 1, 'magnetization': 0.016328124999999957, 'square_magnetization': -0.0004850000000000236, 'seconds': -117.95975272900023}
{'width': 125, 'depth': 12, 'trial': 1, 'magnetization': 0.02164062499999998, 'square_magnetization': 0.0013580000000000146, 'seconds': -110.28948041700005}
{'width': 125, 'depth': 13, 'trial': 1, 'magnetization': 0.01934374999999996, 'square_magnetization': 0.000353, 'seconds': -114.055751504}
{'width': 125, 'depth': 14, 'trial': 1, 'magnetization': 0.044734374999999896, 'square_magnetization': 0.0013440000000000101, 'seconds': -123.43726656300032}
{'width': 125, 'depth': 15, 'trial': 1, 'magnetization': 0.02139062499999996, 'square_magnetization': -0.00016100000000000055, 'seconds': -132.32057749299975}
{'width': 125, 'depth': 16, 'trial': 1, 'magnetization': -0.007874999999999978, 'square_magnetization': -0.000401000000000009, 'seconds': -139.60704475099965}
{'width': 125, 'depth': 17, 'trial': 1, 'magnetization': -0.01667187499999992, 'square_magnetization': -0.0010165000000000191, 'seconds': -150.1215211509998}
{'width': 125, 'depth': 18, 'trial': 1, 'magnetization': -0.02682812499999996, 'square_magnetization': -0.0015065000000000295, 'seconds': -159.07659782099972}
{'width': 125, 'depth': 19, 'trial': 1, 'magnetization': -0.015546874999999958, 'square_magnetization': -1.750000000002444e-05, 'seconds': -172.9951301850001}
{'width': 125, 'depth': 20, 'trial': 1, 'magnetization': -0.01531250000000001, 'square_magnetization': -6.299999999999535e-05, 'seconds': -184.94957172799968}
{'width': 160, 'depth': 0, 'trial': 1, 'magnetization': -0.05145263671875222, 'square_magnetization': -0.09482315063476565, 'seconds': 12.055579218001185}
{'width': 160, 'depth': 1, 'trial': 1, 'magnetization': -0.01843261718749889, 'square_magnetization': -0.023717041015624885, 'seconds': 11.506994677000876}
{'width': 160, 'depth': 2, 'trial': 1, 'magnetization': 0.1282470703124996, 'square_magnetization': 0.06478973388671891, 'seconds': -1836.4360125939993}
{'width': 160, 'depth': 3, 'trial': 1, 'magnetization': 0.16951904296875026, 'square_magnetization': 0.026302642822265673, 'seconds': -4052.0306273259994}
{'width': 160, 'depth': 4, 'trial': 1, 'magnetization': 0.06826171874999991, 'square_magnetization': 0.00962738037109381, 'seconds': -7048.410910179}
{'width': 160, 'depth': 5, 'trial': 1, 'magnetization': -0.04600830078125004, 'square_magnetization': -0.005608978271484376, 'seconds': -9684.394814962001}
{'width': 160, 'depth': 6, 'trial': 1, 'magnetization': -0.07089843750000002, 'square_magnetization': -0.0038000488281249916, 'seconds': -12321.168737606}
{'width': 160, 'depth': 7, 'trial': 1, 'magnetization': -0.06368408203125013, 'square_magnetization': -0.004377593994140619, 'seconds': -15534.73632369}
{'width': 160, 'depth': 8, 'trial': 1, 'magnetization': -0.03887939453125, 'square_magnetization': -0.0024363708496093787, 'seconds': -19178.769216369}
{'width': 160, 'depth': 9, 'trial': 1, 'magnetization': 0.014208984374999983, 'square_magnetization': 0.00016967773437500354, 'seconds': -22904.193114405}
{'width': 160, 'depth': 10, 'trial': 1, 'magnetization': 0.02615966796874998, 'square_magnetization': -0.0004634094238281216, 'seconds': -26647.645215230998}
{'width': 160, 'depth': 11, 'trial': 1, 'magnetization': -0.008007812500000017, 'square_magnetization': -0.000501098632812504, 'seconds': -30243.449690684}
{'width': 160, 'depth': 12, 'trial': 1, 'magnetization': -0.0011352539062500291, 'square_magnetization': -0.0005393981933593797, 'seconds': -31161.610527098}
{'width': 160, 'depth': 13, 'trial': 1, 'magnetization': 0.03247070312500004, 'square_magnetization': 0.0012026977539062464, 'seconds': -31923.789369672006}
{'width': 160, 'depth': 14, 'trial': 1, 'magnetization': 0.01778564453124999, 'square_magnetization': -0.00043594360351564485, 'seconds': -32652.986874328995}
{'width': 160, 'depth': 15, 'trial': 1, 'magnetization': 0.02297363281250001, 'square_magnetization': 1.8310546874991153e-05, 'seconds': -33410.329629886}
{'width': 160, 'depth': 16, 'trial': 1, 'magnetization': -0.010864257812500003, 'square_magnetization': -0.0003771972656250013, 'seconds': -34167.82817693701}
{'width': 160, 'depth': 17, 'trial': 1, 'magnetization': -0.02349853515625001, 'square_magnetization': -0.001094512939453133, 'seconds': -34942.205998143}
{'width': 160, 'depth': 18, 'trial': 1, 'magnetization': 0.0040283203124999965, 'square_magnetization': 9.063720703124736e-05, 'seconds': -35666.016594029}
{'width': 160, 'depth': 19, 'trial': 1, 'magnetization': 0.012426757812499991, 'square_magnetization': 0.0002215576171875058, 'seconds': -36402.428133645}
{'width': 160, 'depth': 20, 'trial': 1, 'magnetization': 0.021972656250000014, 'square_magnetization': -8.209228515625687e-05, 'seconds': -37144.096565169006}
{'width': 175, 'depth': 0, 'trial': 1, 'magnetization': 0.00010044642857165442, 'square_magnetization': 0.00026479591836714444, 'seconds': -2.5717117209997014}
{'width': 175, 'depth': 1, 'trial': 1, 'magnetization': 0.009665178571428013, 'square_magnetization': 0.012453826530612389, 'seconds': -26.394296551999105}
{'width': 175, 'depth': 2, 'trial': 1, 'magnetization': 0.013582589285714042, 'square_magnetization': 0.0056721938775509614, 'seconds': -52.17214869599957}
{'width': 175, 'depth': 3, 'trial': 1, 'magnetization': 0.0009933035714285443, 'square_magnetization': -0.00039209183673471343, 'seconds': -81.41167933999895}
{'width': 175, 'depth': 4, 'trial': 1, 'magnetization': -0.023359375000000265, 'square_magnetization': -0.010961989795918337, 'seconds': -111.2275535409999}
{'width': 175, 'depth': 5, 'trial': 1, 'magnetization': -0.09174107142857177, 'square_magnetization': -0.050038775510204414, 'seconds': -140.2655941319981}
{'width': 175, 'depth': 6, 'trial': 1, 'magnetization': -0.11156249999999977, 'square_magnetization': -0.03443316326530612, 'seconds': -168.22741588299868}
{'width': 175, 'depth': 7, 'trial': 1, 'magnetization': -0.07602678571428567, 'square_magnetization': -0.0073038265306123356, 'seconds': -194.21333691199925}
{'width': 175, 'depth': 8, 'trial': 1, 'magnetization': -0.03304687500000006, 'square_magnetization': -0.0038265306122449213, 'seconds': -212.26658632399995}
{'width': 175, 'depth': 9, 'trial': 1, 'magnetization': -0.013671875000000056, 'square_magnetization': -0.0011066326530611952, 'seconds': -226.41946045699933}
{'width': 175, 'depth': 10, 'trial': 1, 'magnetization': 0.035357142857143, 'square_magnetization': 0.0014369897959183595, 'seconds': -239.89494790499793}
{'width': 175, 'depth': 11, 'trial': 1, 'magnetization': 0.07597098214285722, 'square_magnetization': 0.004383163265306125, 'seconds': -254.76055451400043}
{'width': 175, 'depth': 12, 'trial': 1, 'magnetization': 0.06485491071428574, 'square_magnetization': 0.0009400510204081317, 'seconds': -268.42393626399917}
{'width': 175, 'depth': 13, 'trial': 1, 'magnetization': -0.036261160714285694, 'square_magnetization': -0.0003150510204081563, 'seconds': -278.15101679099826}
{'width': 175, 'depth': 14, 'trial': 1, 'magnetization': -0.04107142857142858, 'square_magnetization': -0.0016645408163265029, 'seconds': -286.17127242899915}
{'width': 175, 'depth': 15, 'trial': 1, 'magnetization': -0.029553571428571488, 'square_magnetization': -0.0017448979591836548, 'seconds': -304.3195683239992}
{'width': 175, 'depth': 16, 'trial': 1, 'magnetization': 0.01095982142857142, 'square_magnetization': 0.000982908163265293, 'seconds': -316.1377201819996}
{'width': 175, 'depth': 17, 'trial': 1, 'magnetization': -0.016249999999999987, 'square_magnetization': -0.00012627551020408245, 'seconds': -324.54004492700005}
{'width': 175, 'depth': 18, 'trial': 1, 'magnetization': -0.008616071428571395, 'square_magnetization': 0.0004502551020408073, 'seconds': -334.9780814479991}
{'width': 175, 'depth': 19, 'trial': 1, 'magnetization': -0.021194196428571427, 'square_magnetization': 0.00027627551020407634, 'seconds': -346.1313333629987}
{'width': 175, 'depth': 20, 'trial': 1, 'magnetization': -0.0533147321428572, 'square_magnetization': -0.002821428571428557, 'seconds': -360.5740818899985}
{'width': 250, 'depth': 0, 'trial': 1, 'magnetization': 0.0007656249999996589, 'square_magnetization': 0.0014153749999999965, 'seconds': -4.305410291995031}
{'width': 250, 'depth': 1, 'trial': 1, 'magnetization': -0.007234375000000792, 'square_magnetization': -0.00944387499999988, 'seconds': -21.749794875996486}
{'width': 250, 'depth': 2, 'trial': 1, 'magnetization': 0.001890625000000118, 'square_magnetization': 0.0004218750000000923, 'seconds': -48.45316064499639}
{'width': 250, 'depth': 3, 'trial': 1, 'magnetization': -0.018171874999999907, 'square_magnetization': -0.0026872500000000247, 'seconds': -70.77590683599647}
{'width': 250, 'depth': 4, 'trial': 1, 'magnetization': 0.015039062499999853, 'square_magnetization': 0.002984687499999977, 'seconds': -98.76036207399557}
{'width': 250, 'depth': 5, 'trial': 1, 'magnetization': -0.014796875000000181, 'square_magnetization': -0.004261249999999904, 'seconds': -124.91377795099652}
{'width': 250, 'depth': 6, 'trial': 1, 'magnetization': 0.013117187499999808, 'square_magnetization': 0.0028666875000000376, 'seconds': -145.81977050199475}
{'width': 250, 'depth': 7, 'trial': 1, 'magnetization': 0.0161171874999999, 'square_magnetization': 0.0013018124999999887, 'seconds': -179.65652280799804}
{'width': 250, 'depth': 8, 'trial': 1, 'magnetization': -0.002117187500000002, 'square_magnetization': -0.00016031250000000464, 'seconds': -209.83799062399885}
{'width': 250, 'depth': 9, 'trial': 1, 'magnetization': 0.004875000000000004, 'square_magnetization': -2.0875000000002662e-05, 'seconds': -240.96423133299504}
{'width': 250, 'depth': 10, 'trial': 1, 'magnetization': 0.06085937499999979, 'square_magnetization': 0.0022066249999999803, 'seconds': -271.09645352700136}
{'width': 250, 'depth': 11, 'trial': 1, 'magnetization': 0.043171874999999874, 'square_magnetization': 0.0006232499999999893, 'seconds': -302.76802219999445}
{'width': 250, 'depth': 12, 'trial': 1, 'magnetization': 0.0390859374999999, 'square_magnetization': 0.0007024374999999956, 'seconds': -334.24136465800075}
{'width': 250, 'depth': 13, 'trial': 1, 'magnetization': 0.021859374999999882, 'square_magnetization': 0.0016708749999999753, 'seconds': -362.5312767989981}
{'width': 250, 'depth': 14, 'trial': 1, 'magnetization': -0.021382812499999862, 'square_magnetization': -0.0006599374999999887, 'seconds': -389.43706507099705}
{'width': 250, 'depth': 15, 'trial': 1, 'magnetization': -0.025429687499999937, 'square_magnetization': -0.00041806249999999786, 'seconds': -418.7390397079962}
{'width': 250, 'depth': 16, 'trial': 1, 'magnetization': -0.010109374999999974, 'square_magnetization': -0.000622374999999994, 'seconds': -454.80955586899654}
{'width': 250, 'depth': 17, 'trial': 1, 'magnetization': 0.0009453125000000013, 'square_magnetization': -0.0006324374999999972, 'seconds': -480.37097549599457}
{'width': 250, 'depth': 18, 'trial': 1, 'magnetization': 0.025054687499999964, 'square_magnetization': -0.0007806874999999936, 'seconds': -510.3430189049959}
{'width': 250, 'depth': 19, 'trial': 1, 'magnetization': -0.005320312500000002, 'square_magnetization': 0.0002993124999999949, 'seconds': -539.9288397359996}
{'width': 250, 'depth': 20, 'trial': 1, 'magnetization': -0.005617187500000002, 'square_magnetization': 0.00014318750000000312, 'seconds': -569.2943107579995}
